C51 COMPILER V9.55   PONGHEADER                                                            04/25/2018 18:04:32 PAGE 1   


C51 COMPILER V9.55, COMPILATION OF MODULE PONGHEADER
OBJECT MODULE PLACED IN PONGHEADER.OBJ
COMPILER INVOKED BY: C:\Keil\C51\BIN\c51.exe PONGHEADER.h DB OE BR INCDIR(C:\SiLabs\MCU\Inc)

line level    source

   1          //**************************************************************
   2          //River Schenck and Chad Gardner
   3          //Creation Date: 4/8/18
   4          //Description-
   5          //This a the pong game. There are 2 paddles that can change length.
   6          //Switches 1&2 control paddle1, and 3&4 control paddle2.
   7          //Switch 5 controls soccer mode and switches 7&8 control ball speed.
   8          //The left button is the start button and right button is reset button.
   9          //The game will play until a player reaches the score of 11
  10                          //-----------------
  11                          //Revision History
  12                          //-----------------
  13                          //4/08/18 - starting the code
  14                          //4/14/18 - got the pots to work, and the bounds and net is in
  15                          //4/15/18 - paddles and paddle sizes are working
  16                          //4/16/18 - fixing paddle sizes, started ball function
  17                          //4/20/18 - fixing errors
  18                          //4/21/18 - display score and winner function added
  19                          //4/22/18 - sounds are working and adding soccer mode
  20                          //4/23/18 - better readability and reducing redundant code
  21          
  22          
  23                  
  24          
  25          //-------------------------------------------------------------
  26          //variables
  27          //-------------------------------------------------------------  
  28          unsigned char score1=0, score2=0;               //START SCORE AT 0
  29          char paddle1, paddle2;
  30          char run = 1;                           //SET  BALL ANGLE AT 1/1                           
  31          char rise = 1;                                             
  32          char show_score = 0;            //SET LOOP FOR SHOWING SCORE TO 0
  33          char bottom, top, height;
  34          int paddle1height, paddle1top=20, paddle1bottom;
  35          int paddle2height, paddle2top=20, paddle2bottom;
  36          int ball_x, ball_y, ball_left, ball_right, ball_top, ball_bottom;
  37          int soccer;
  38          char switches, ballspeed = 0;
  39          char pause =0;
  40          
  41          
  42          
  43          
  44          //-------------------------------------------------------------
  45          //functions
  46          //------------------------------------------------------------- 
  47          void move_comps(void);
  48          void init_game (void);
  49          void onemillidelay(unsigned int); 
  50          unsigned char put_char(unsigned char, unsigned char, char);
  51          void get_switches(void);
  52          void init_text(void); 
  53          void speed();
  54          void sound(int);
  55          void winner(void);
C51 COMPILER V9.55   PONGHEADER                                                            04/25/2018 18:04:32 PAGE 2   

  56          void soccermode(void);
  57          void display_scores (char, char);
  58          void draw_paddle (int, int, char);
  59          void draw_ball (int, int);
  60          
  61          //-------------------------------------------------------------
  62          //SERVES RANDOM
  63          //------------------------------------------------------------- 
  64          char random[] = {-2, -1, 1, 2};
  65          char serve[] = {110, 8, 110, 8};
  66          char maskit[] = {0x1fl, 0xffl, 0xfffl, 0xffffl,  0xffffl};
  67          char group[] = {8, 12, 16, 60, 2, 54 ,50, 46, 1, 2 ,3};
  68          char count=1;
  69          
  70          //-------------------------------------------------------------
  71          //SOUND
  72          //-------------------------------------------------------------
  73          code unsigned char sine[] = { 176, 217, 244, 254, 244, 217, 176, 128, 80, 39, 12, 2, 12, 39, 80, 128 };
  74          unsigned char phase = sizeof(sine)-1;
  75          unsigned int duration;
  76          
  77          
  78          
  79          
  80          
  81          


MODULE INFORMATION:   STATIC OVERLAYABLE
   CODE SIZE        =   ----    ----
   CONSTANT SIZE    =     16    ----
   XDATA SIZE       =   ----    ----
   PDATA SIZE       =   ----    ----
   DATA SIZE        =     67    ----
   IDATA SIZE       =   ----    ----
   BIT SIZE         =   ----    ----
END OF MODULE INFORMATION.


C51 COMPILATION COMPLETE.  0 WARNING(S),  0 ERROR(S)
